ERROR - 2025-11-26 14:38:00 --> Error connecting to the database: ErrorException: pg_connect(): Unable to connect to PostgreSQL server: could not connect to server: Connection refused (0x0000274D/10061)
	Is the server running on host &quot;localhost&quot; (::1) and accepting
	TCP/IP connections on port 5432?
could not connect to server: Connection refused (0x0000274D/10061)
	Is the server running on host &quot;localhost&quot; (127.0.0.1) and accepting
	TCP/IP connections on port 5432? in C:\xampp\htdocs\NIT104\vendor\codeigniter4\framework\system\Database\Postgre\Connection.php:78
Stack trace:
#0 [internal function]: CodeIgniter\Debug\Exceptions->errorHandler(2, 'pg_connect(): U...', 'C:\\xampp\\htdocs...', 78)
#1 C:\xampp\htdocs\NIT104\vendor\codeigniter4\framework\system\Database\Postgre\Connection.php(78): pg_connect('host=localhost ...')
#2 C:\xampp\htdocs\NIT104\vendor\codeigniter4\framework\system\Database\BaseConnection.php(419): CodeIgniter\Database\Postgre\Connection->connect(false)
#3 C:\xampp\htdocs\NIT104\vendor\codeigniter4\framework\system\Database\BaseConnection.php(614): CodeIgniter\Database\BaseConnection->initialize()
#4 C:\xampp\htdocs\NIT104\vendor\codeigniter4\framework\system\Database\BaseBuilder.php(1733): CodeIgniter\Database\BaseConnection->query('SELECT COUNT(*)...', Array, false)
#5 C:\xampp\htdocs\NIT104\vendor\codeigniter4\framework\system\Model.php(675): CodeIgniter\Database\BaseBuilder->countAllResults(true)
#6 C:\xampp\htdocs\NIT104\app\Controllers\Auth.php(42): CodeIgniter\Model->countAllResults()
#7 C:\xampp\htdocs\NIT104\vendor\codeigniter4\framework\system\CodeIgniter.php(933): App\Controllers\Auth->exists()
#8 C:\xampp\htdocs\NIT104\vendor\codeigniter4\framework\system\CodeIgniter.php(507): CodeIgniter\CodeIgniter->runController(Object(App\Controllers\Auth))
#9 C:\xampp\htdocs\NIT104\vendor\codeigniter4\framework\system\CodeIgniter.php(354): CodeIgniter\CodeIgniter->handleRequest(NULL, Object(Config\Cache), false)
#10 C:\xampp\htdocs\NIT104\vendor\codeigniter4\framework\system\Boot.php(363): CodeIgniter\CodeIgniter->run()
#11 C:\xampp\htdocs\NIT104\vendor\codeigniter4\framework\system\Boot.php(68): CodeIgniter\Boot::runCodeIgniter(Object(CodeIgniter\CodeIgniter))
#12 C:\xampp\htdocs\NIT104\public\index.php(59): CodeIgniter\Boot::bootWeb(Object(Config\Paths))
#13 {main}
ERROR - 2025-11-26 14:38:03 --> Error connecting to the database: ErrorException: pg_connect(): Unable to connect to PostgreSQL server: could not connect to server: Connection refused (0x0000274D/10061)
	Is the server running on host &quot;localhost&quot; (::1) and accepting
	TCP/IP connections on port 5432?
could not connect to server: Connection refused (0x0000274D/10061)
	Is the server running on host &quot;localhost&quot; (127.0.0.1) and accepting
	TCP/IP connections on port 5432? in C:\xampp\htdocs\NIT104\vendor\codeigniter4\framework\system\Database\Postgre\Connection.php:78
Stack trace:
#0 [internal function]: CodeIgniter\Debug\Exceptions->errorHandler(2, 'pg_connect(): U...', 'C:\\xampp\\htdocs...', 78)
#1 C:\xampp\htdocs\NIT104\vendor\codeigniter4\framework\system\Database\Postgre\Connection.php(78): pg_connect('host=localhost ...')
#2 C:\xampp\htdocs\NIT104\vendor\codeigniter4\framework\system\Database\BaseConnection.php(419): CodeIgniter\Database\Postgre\Connection->connect(false)
#3 C:\xampp\htdocs\NIT104\vendor\codeigniter4\framework\system\Database\BaseConnection.php(614): CodeIgniter\Database\BaseConnection->initialize()
#4 C:\xampp\htdocs\NIT104\vendor\codeigniter4\framework\system\Database\BaseBuilder.php(1649): CodeIgniter\Database\BaseConnection->query('SELECT "users"....', Array, false)
#5 C:\xampp\htdocs\NIT104\vendor\codeigniter4\framework\system\Model.php(330): CodeIgniter\Database\BaseBuilder->get()
#6 C:\xampp\htdocs\NIT104\vendor\codeigniter4\framework\system\BaseModel.php(715): CodeIgniter\Model->doFirst()
#7 C:\xampp\htdocs\NIT104\app\Controllers\Auth.php(76): CodeIgniter\BaseModel->first()
#8 C:\xampp\htdocs\NIT104\vendor\codeigniter4\framework\system\CodeIgniter.php(933): App\Controllers\Auth->login()
#9 C:\xampp\htdocs\NIT104\vendor\codeigniter4\framework\system\CodeIgniter.php(507): CodeIgniter\CodeIgniter->runController(Object(App\Controllers\Auth))
#10 C:\xampp\htdocs\NIT104\vendor\codeigniter4\framework\system\CodeIgniter.php(354): CodeIgniter\CodeIgniter->handleRequest(NULL, Object(Config\Cache), false)
#11 C:\xampp\htdocs\NIT104\vendor\codeigniter4\framework\system\Boot.php(363): CodeIgniter\CodeIgniter->run()
#12 C:\xampp\htdocs\NIT104\vendor\codeigniter4\framework\system\Boot.php(68): CodeIgniter\Boot::runCodeIgniter(Object(CodeIgniter\CodeIgniter))
#13 C:\xampp\htdocs\NIT104\public\index.php(59): CodeIgniter\Boot::bootWeb(Object(Config\Paths))
#14 {main}
ERROR - 2025-11-26 14:38:07 --> Error connecting to the database: ErrorException: pg_connect(): Unable to connect to PostgreSQL server: could not connect to server: Connection refused (0x0000274D/10061)
	Is the server running on host &quot;localhost&quot; (::1) and accepting
	TCP/IP connections on port 5432?
could not connect to server: Connection refused (0x0000274D/10061)
	Is the server running on host &quot;localhost&quot; (127.0.0.1) and accepting
	TCP/IP connections on port 5432? in C:\xampp\htdocs\NIT104\vendor\codeigniter4\framework\system\Database\Postgre\Connection.php:78
Stack trace:
#0 [internal function]: CodeIgniter\Debug\Exceptions->errorHandler(2, 'pg_connect(): U...', 'C:\\xampp\\htdocs...', 78)
#1 C:\xampp\htdocs\NIT104\vendor\codeigniter4\framework\system\Database\Postgre\Connection.php(78): pg_connect('host=localhost ...')
#2 C:\xampp\htdocs\NIT104\vendor\codeigniter4\framework\system\Database\BaseConnection.php(419): CodeIgniter\Database\Postgre\Connection->connect(false)
#3 C:\xampp\htdocs\NIT104\vendor\codeigniter4\framework\system\Database\BaseConnection.php(614): CodeIgniter\Database\BaseConnection->initialize()
#4 C:\xampp\htdocs\NIT104\vendor\codeigniter4\framework\system\Database\BaseBuilder.php(1733): CodeIgniter\Database\BaseConnection->query('SELECT COUNT(*)...', Array, false)
#5 C:\xampp\htdocs\NIT104\vendor\codeigniter4\framework\system\Model.php(675): CodeIgniter\Database\BaseBuilder->countAllResults(true)
#6 C:\xampp\htdocs\NIT104\app\Controllers\Auth.php(42): CodeIgniter\Model->countAllResults()
#7 C:\xampp\htdocs\NIT104\vendor\codeigniter4\framework\system\CodeIgniter.php(933): App\Controllers\Auth->exists()
#8 C:\xampp\htdocs\NIT104\vendor\codeigniter4\framework\system\CodeIgniter.php(507): CodeIgniter\CodeIgniter->runController(Object(App\Controllers\Auth))
#9 C:\xampp\htdocs\NIT104\vendor\codeigniter4\framework\system\CodeIgniter.php(354): CodeIgniter\CodeIgniter->handleRequest(NULL, Object(Config\Cache), false)
#10 C:\xampp\htdocs\NIT104\vendor\codeigniter4\framework\system\Boot.php(363): CodeIgniter\CodeIgniter->run()
#11 C:\xampp\htdocs\NIT104\vendor\codeigniter4\framework\system\Boot.php(68): CodeIgniter\Boot::runCodeIgniter(Object(CodeIgniter\CodeIgniter))
#12 C:\xampp\htdocs\NIT104\public\index.php(59): CodeIgniter\Boot::bootWeb(Object(Config\Paths))
#13 {main}
ERROR - 2025-11-26 14:38:13 --> Error connecting to the database: ErrorException: pg_connect(): Unable to connect to PostgreSQL server: could not connect to server: Connection refused (0x0000274D/10061)
	Is the server running on host &quot;localhost&quot; (::1) and accepting
	TCP/IP connections on port 5432?
could not connect to server: Connection refused (0x0000274D/10061)
	Is the server running on host &quot;localhost&quot; (127.0.0.1) and accepting
	TCP/IP connections on port 5432? in C:\xampp\htdocs\NIT104\vendor\codeigniter4\framework\system\Database\Postgre\Connection.php:78
Stack trace:
#0 [internal function]: CodeIgniter\Debug\Exceptions->errorHandler(2, 'pg_connect(): U...', 'C:\\xampp\\htdocs...', 78)
#1 C:\xampp\htdocs\NIT104\vendor\codeigniter4\framework\system\Database\Postgre\Connection.php(78): pg_connect('host=localhost ...')
#2 C:\xampp\htdocs\NIT104\vendor\codeigniter4\framework\system\Database\BaseConnection.php(419): CodeIgniter\Database\Postgre\Connection->connect(false)
#3 C:\xampp\htdocs\NIT104\vendor\codeigniter4\framework\system\Database\BaseConnection.php(614): CodeIgniter\Database\BaseConnection->initialize()
#4 C:\xampp\htdocs\NIT104\vendor\codeigniter4\framework\system\Database\BaseBuilder.php(1733): CodeIgniter\Database\BaseConnection->query('SELECT COUNT(*)...', Array, false)
#5 C:\xampp\htdocs\NIT104\vendor\codeigniter4\framework\system\Model.php(675): CodeIgniter\Database\BaseBuilder->countAllResults(true)
#6 C:\xampp\htdocs\NIT104\app\Controllers\Auth.php(42): CodeIgniter\Model->countAllResults()
#7 C:\xampp\htdocs\NIT104\vendor\codeigniter4\framework\system\CodeIgniter.php(933): App\Controllers\Auth->exists()
#8 C:\xampp\htdocs\NIT104\vendor\codeigniter4\framework\system\CodeIgniter.php(507): CodeIgniter\CodeIgniter->runController(Object(App\Controllers\Auth))
#9 C:\xampp\htdocs\NIT104\vendor\codeigniter4\framework\system\CodeIgniter.php(354): CodeIgniter\CodeIgniter->handleRequest(NULL, Object(Config\Cache), false)
#10 C:\xampp\htdocs\NIT104\vendor\codeigniter4\framework\system\Boot.php(363): CodeIgniter\CodeIgniter->run()
#11 C:\xampp\htdocs\NIT104\vendor\codeigniter4\framework\system\Boot.php(68): CodeIgniter\Boot::runCodeIgniter(Object(CodeIgniter\CodeIgniter))
#12 C:\xampp\htdocs\NIT104\public\index.php(59): CodeIgniter\Boot::bootWeb(Object(Config\Paths))
#13 {main}
ERROR - 2025-11-26 14:38:18 --> Error connecting to the database: ErrorException: pg_connect(): Unable to connect to PostgreSQL server: could not connect to server: Connection refused (0x0000274D/10061)
	Is the server running on host &quot;localhost&quot; (::1) and accepting
	TCP/IP connections on port 5432?
could not connect to server: Connection refused (0x0000274D/10061)
	Is the server running on host &quot;localhost&quot; (127.0.0.1) and accepting
	TCP/IP connections on port 5432? in C:\xampp\htdocs\NIT104\vendor\codeigniter4\framework\system\Database\Postgre\Connection.php:78
Stack trace:
#0 [internal function]: CodeIgniter\Debug\Exceptions->errorHandler(2, 'pg_connect(): U...', 'C:\\xampp\\htdocs...', 78)
#1 C:\xampp\htdocs\NIT104\vendor\codeigniter4\framework\system\Database\Postgre\Connection.php(78): pg_connect('host=localhost ...')
#2 C:\xampp\htdocs\NIT104\vendor\codeigniter4\framework\system\Database\BaseConnection.php(419): CodeIgniter\Database\Postgre\Connection->connect(false)
#3 C:\xampp\htdocs\NIT104\vendor\codeigniter4\framework\system\Database\BaseConnection.php(614): CodeIgniter\Database\BaseConnection->initialize()
#4 C:\xampp\htdocs\NIT104\vendor\codeigniter4\framework\system\Database\BaseBuilder.php(1649): CodeIgniter\Database\BaseConnection->query('SELECT "users"....', Array, false)
#5 C:\xampp\htdocs\NIT104\vendor\codeigniter4\framework\system\Model.php(330): CodeIgniter\Database\BaseBuilder->get()
#6 C:\xampp\htdocs\NIT104\vendor\codeigniter4\framework\system\BaseModel.php(715): CodeIgniter\Model->doFirst()
#7 C:\xampp\htdocs\NIT104\app\Controllers\Auth.php(76): CodeIgniter\BaseModel->first()
#8 C:\xampp\htdocs\NIT104\vendor\codeigniter4\framework\system\CodeIgniter.php(933): App\Controllers\Auth->login()
#9 C:\xampp\htdocs\NIT104\vendor\codeigniter4\framework\system\CodeIgniter.php(507): CodeIgniter\CodeIgniter->runController(Object(App\Controllers\Auth))
#10 C:\xampp\htdocs\NIT104\vendor\codeigniter4\framework\system\CodeIgniter.php(354): CodeIgniter\CodeIgniter->handleRequest(NULL, Object(Config\Cache), false)
#11 C:\xampp\htdocs\NIT104\vendor\codeigniter4\framework\system\Boot.php(363): CodeIgniter\CodeIgniter->run()
#12 C:\xampp\htdocs\NIT104\vendor\codeigniter4\framework\system\Boot.php(68): CodeIgniter\Boot::runCodeIgniter(Object(CodeIgniter\CodeIgniter))
#13 C:\xampp\htdocs\NIT104\public\index.php(59): CodeIgniter\Boot::bootWeb(Object(Config\Paths))
#14 {main}
ERROR - 2025-11-26 14:38:22 --> Error connecting to the database: ErrorException: pg_connect(): Unable to connect to PostgreSQL server: could not connect to server: Connection refused (0x0000274D/10061)
	Is the server running on host &quot;localhost&quot; (::1) and accepting
	TCP/IP connections on port 5432?
could not connect to server: Connection refused (0x0000274D/10061)
	Is the server running on host &quot;localhost&quot; (127.0.0.1) and accepting
	TCP/IP connections on port 5432? in C:\xampp\htdocs\NIT104\vendor\codeigniter4\framework\system\Database\Postgre\Connection.php:78
Stack trace:
#0 [internal function]: CodeIgniter\Debug\Exceptions->errorHandler(2, 'pg_connect(): U...', 'C:\\xampp\\htdocs...', 78)
#1 C:\xampp\htdocs\NIT104\vendor\codeigniter4\framework\system\Database\Postgre\Connection.php(78): pg_connect('host=localhost ...')
#2 C:\xampp\htdocs\NIT104\vendor\codeigniter4\framework\system\Database\BaseConnection.php(419): CodeIgniter\Database\Postgre\Connection->connect(false)
#3 C:\xampp\htdocs\NIT104\vendor\codeigniter4\framework\system\Database\BaseConnection.php(614): CodeIgniter\Database\BaseConnection->initialize()
#4 C:\xampp\htdocs\NIT104\vendor\codeigniter4\framework\system\Database\BaseBuilder.php(1733): CodeIgniter\Database\BaseConnection->query('SELECT COUNT(*)...', Array, false)
#5 C:\xampp\htdocs\NIT104\vendor\codeigniter4\framework\system\Model.php(675): CodeIgniter\Database\BaseBuilder->countAllResults(true)
#6 C:\xampp\htdocs\NIT104\app\Controllers\Auth.php(42): CodeIgniter\Model->countAllResults()
#7 C:\xampp\htdocs\NIT104\vendor\codeigniter4\framework\system\CodeIgniter.php(933): App\Controllers\Auth->exists()
#8 C:\xampp\htdocs\NIT104\vendor\codeigniter4\framework\system\CodeIgniter.php(507): CodeIgniter\CodeIgniter->runController(Object(App\Controllers\Auth))
#9 C:\xampp\htdocs\NIT104\vendor\codeigniter4\framework\system\CodeIgniter.php(354): CodeIgniter\CodeIgniter->handleRequest(NULL, Object(Config\Cache), false)
#10 C:\xampp\htdocs\NIT104\vendor\codeigniter4\framework\system\Boot.php(363): CodeIgniter\CodeIgniter->run()
#11 C:\xampp\htdocs\NIT104\vendor\codeigniter4\framework\system\Boot.php(68): CodeIgniter\Boot::runCodeIgniter(Object(CodeIgniter\CodeIgniter))
#12 C:\xampp\htdocs\NIT104\public\index.php(59): CodeIgniter\Boot::bootWeb(Object(Config\Paths))
#13 {main}
ERROR - 2025-11-26 14:47:22 --> Error connecting to the database: ErrorException: pg_connect(): Unable to connect to PostgreSQL server: could not connect to server: Connection refused (0x0000274D/10061)
	Is the server running on host &quot;localhost&quot; (::1) and accepting
	TCP/IP connections on port 5432?
could not connect to server: Connection refused (0x0000274D/10061)
	Is the server running on host &quot;localhost&quot; (127.0.0.1) and accepting
	TCP/IP connections on port 5432? in C:\xampp\htdocs\NIT104\vendor\codeigniter4\framework\system\Database\Postgre\Connection.php:78
Stack trace:
#0 [internal function]: CodeIgniter\Debug\Exceptions->errorHandler(2, 'pg_connect(): U...', 'C:\\xampp\\htdocs...', 78)
#1 C:\xampp\htdocs\NIT104\vendor\codeigniter4\framework\system\Database\Postgre\Connection.php(78): pg_connect('host=localhost ...')
#2 C:\xampp\htdocs\NIT104\vendor\codeigniter4\framework\system\Database\BaseConnection.php(419): CodeIgniter\Database\Postgre\Connection->connect(false)
#3 C:\xampp\htdocs\NIT104\vendor\codeigniter4\framework\system\Database\BaseConnection.php(614): CodeIgniter\Database\BaseConnection->initialize()
#4 C:\xampp\htdocs\NIT104\vendor\codeigniter4\framework\system\Database\BaseBuilder.php(1733): CodeIgniter\Database\BaseConnection->query('SELECT COUNT(*)...', Array, false)
#5 C:\xampp\htdocs\NIT104\vendor\codeigniter4\framework\system\Model.php(675): CodeIgniter\Database\BaseBuilder->countAllResults(true)
#6 C:\xampp\htdocs\NIT104\app\Controllers\Auth.php(42): CodeIgniter\Model->countAllResults()
#7 C:\xampp\htdocs\NIT104\vendor\codeigniter4\framework\system\CodeIgniter.php(933): App\Controllers\Auth->exists()
#8 C:\xampp\htdocs\NIT104\vendor\codeigniter4\framework\system\CodeIgniter.php(507): CodeIgniter\CodeIgniter->runController(Object(App\Controllers\Auth))
#9 C:\xampp\htdocs\NIT104\vendor\codeigniter4\framework\system\CodeIgniter.php(354): CodeIgniter\CodeIgniter->handleRequest(NULL, Object(Config\Cache), false)
#10 C:\xampp\htdocs\NIT104\vendor\codeigniter4\framework\system\Boot.php(363): CodeIgniter\CodeIgniter->run()
#11 C:\xampp\htdocs\NIT104\vendor\codeigniter4\framework\system\Boot.php(68): CodeIgniter\Boot::runCodeIgniter(Object(CodeIgniter\CodeIgniter))
#12 C:\xampp\htdocs\NIT104\public\index.php(59): CodeIgniter\Boot::bootWeb(Object(Config\Paths))
#13 {main}
ERROR - 2025-11-26 14:47:28 --> Error connecting to the database: ErrorException: pg_connect(): Unable to connect to PostgreSQL server: could not connect to server: Connection refused (0x0000274D/10061)
	Is the server running on host &quot;localhost&quot; (::1) and accepting
	TCP/IP connections on port 5432?
could not connect to server: Connection refused (0x0000274D/10061)
	Is the server running on host &quot;localhost&quot; (127.0.0.1) and accepting
	TCP/IP connections on port 5432? in C:\xampp\htdocs\NIT104\vendor\codeigniter4\framework\system\Database\Postgre\Connection.php:78
Stack trace:
#0 [internal function]: CodeIgniter\Debug\Exceptions->errorHandler(2, 'pg_connect(): U...', 'C:\\xampp\\htdocs...', 78)
#1 C:\xampp\htdocs\NIT104\vendor\codeigniter4\framework\system\Database\Postgre\Connection.php(78): pg_connect('host=localhost ...')
#2 C:\xampp\htdocs\NIT104\vendor\codeigniter4\framework\system\Database\BaseConnection.php(419): CodeIgniter\Database\Postgre\Connection->connect(false)
#3 C:\xampp\htdocs\NIT104\vendor\codeigniter4\framework\system\Database\BaseConnection.php(614): CodeIgniter\Database\BaseConnection->initialize()
#4 C:\xampp\htdocs\NIT104\vendor\codeigniter4\framework\system\Database\BaseBuilder.php(1733): CodeIgniter\Database\BaseConnection->query('SELECT COUNT(*)...', Array, false)
#5 C:\xampp\htdocs\NIT104\vendor\codeigniter4\framework\system\Model.php(675): CodeIgniter\Database\BaseBuilder->countAllResults(true)
#6 C:\xampp\htdocs\NIT104\app\Controllers\Auth.php(42): CodeIgniter\Model->countAllResults()
#7 C:\xampp\htdocs\NIT104\vendor\codeigniter4\framework\system\CodeIgniter.php(933): App\Controllers\Auth->exists()
#8 C:\xampp\htdocs\NIT104\vendor\codeigniter4\framework\system\CodeIgniter.php(507): CodeIgniter\CodeIgniter->runController(Object(App\Controllers\Auth))
#9 C:\xampp\htdocs\NIT104\vendor\codeigniter4\framework\system\CodeIgniter.php(354): CodeIgniter\CodeIgniter->handleRequest(NULL, Object(Config\Cache), false)
#10 C:\xampp\htdocs\NIT104\vendor\codeigniter4\framework\system\Boot.php(363): CodeIgniter\CodeIgniter->run()
#11 C:\xampp\htdocs\NIT104\vendor\codeigniter4\framework\system\Boot.php(68): CodeIgniter\Boot::runCodeIgniter(Object(CodeIgniter\CodeIgniter))
#12 C:\xampp\htdocs\NIT104\public\index.php(59): CodeIgniter\Boot::bootWeb(Object(Config\Paths))
#13 {main}
ERROR - 2025-11-26 14:47:31 --> Error connecting to the database: ErrorException: pg_connect(): Unable to connect to PostgreSQL server: could not connect to server: Connection refused (0x0000274D/10061)
	Is the server running on host &quot;localhost&quot; (::1) and accepting
	TCP/IP connections on port 5432?
could not connect to server: Connection refused (0x0000274D/10061)
	Is the server running on host &quot;localhost&quot; (127.0.0.1) and accepting
	TCP/IP connections on port 5432? in C:\xampp\htdocs\NIT104\vendor\codeigniter4\framework\system\Database\Postgre\Connection.php:78
Stack trace:
#0 [internal function]: CodeIgniter\Debug\Exceptions->errorHandler(2, 'pg_connect(): U...', 'C:\\xampp\\htdocs...', 78)
#1 C:\xampp\htdocs\NIT104\vendor\codeigniter4\framework\system\Database\Postgre\Connection.php(78): pg_connect('host=localhost ...')
#2 C:\xampp\htdocs\NIT104\vendor\codeigniter4\framework\system\Database\BaseConnection.php(419): CodeIgniter\Database\Postgre\Connection->connect(false)
#3 C:\xampp\htdocs\NIT104\vendor\codeigniter4\framework\system\Database\BaseConnection.php(614): CodeIgniter\Database\BaseConnection->initialize()
#4 C:\xampp\htdocs\NIT104\vendor\codeigniter4\framework\system\Database\BaseBuilder.php(1649): CodeIgniter\Database\BaseConnection->query('SELECT "users"....', Array, false)
#5 C:\xampp\htdocs\NIT104\vendor\codeigniter4\framework\system\Model.php(330): CodeIgniter\Database\BaseBuilder->get()
#6 C:\xampp\htdocs\NIT104\vendor\codeigniter4\framework\system\BaseModel.php(715): CodeIgniter\Model->doFirst()
#7 C:\xampp\htdocs\NIT104\app\Controllers\Auth.php(76): CodeIgniter\BaseModel->first()
#8 C:\xampp\htdocs\NIT104\vendor\codeigniter4\framework\system\CodeIgniter.php(933): App\Controllers\Auth->login()
#9 C:\xampp\htdocs\NIT104\vendor\codeigniter4\framework\system\CodeIgniter.php(507): CodeIgniter\CodeIgniter->runController(Object(App\Controllers\Auth))
#10 C:\xampp\htdocs\NIT104\vendor\codeigniter4\framework\system\CodeIgniter.php(354): CodeIgniter\CodeIgniter->handleRequest(NULL, Object(Config\Cache), false)
#11 C:\xampp\htdocs\NIT104\vendor\codeigniter4\framework\system\Boot.php(363): CodeIgniter\CodeIgniter->run()
#12 C:\xampp\htdocs\NIT104\vendor\codeigniter4\framework\system\Boot.php(68): CodeIgniter\Boot::runCodeIgniter(Object(CodeIgniter\CodeIgniter))
#13 C:\xampp\htdocs\NIT104\public\index.php(59): CodeIgniter\Boot::bootWeb(Object(Config\Paths))
#14 {main}
ERROR - 2025-11-26 14:47:49 --> Error connecting to the database: ErrorException: pg_connect(): Unable to connect to PostgreSQL server: could not connect to server: Connection refused (0x0000274D/10061)
	Is the server running on host &quot;localhost&quot; (::1) and accepting
	TCP/IP connections on port 5432?
could not connect to server: Connection refused (0x0000274D/10061)
	Is the server running on host &quot;localhost&quot; (127.0.0.1) and accepting
	TCP/IP connections on port 5432? in C:\xampp\htdocs\NIT104\vendor\codeigniter4\framework\system\Database\Postgre\Connection.php:78
Stack trace:
#0 [internal function]: CodeIgniter\Debug\Exceptions->errorHandler(2, 'pg_connect(): U...', 'C:\\xampp\\htdocs...', 78)
#1 C:\xampp\htdocs\NIT104\vendor\codeigniter4\framework\system\Database\Postgre\Connection.php(78): pg_connect('host=localhost ...')
#2 C:\xampp\htdocs\NIT104\vendor\codeigniter4\framework\system\Database\BaseConnection.php(419): CodeIgniter\Database\Postgre\Connection->connect(false)
#3 C:\xampp\htdocs\NIT104\vendor\codeigniter4\framework\system\Database\BaseConnection.php(614): CodeIgniter\Database\BaseConnection->initialize()
#4 C:\xampp\htdocs\NIT104\vendor\codeigniter4\framework\system\Database\BaseBuilder.php(1649): CodeIgniter\Database\BaseConnection->query('SELECT "users"....', Array, false)
#5 C:\xampp\htdocs\NIT104\vendor\codeigniter4\framework\system\Model.php(330): CodeIgniter\Database\BaseBuilder->get()
#6 C:\xampp\htdocs\NIT104\vendor\codeigniter4\framework\system\BaseModel.php(715): CodeIgniter\Model->doFirst()
#7 C:\xampp\htdocs\NIT104\app\Controllers\Auth.php(76): CodeIgniter\BaseModel->first()
#8 C:\xampp\htdocs\NIT104\vendor\codeigniter4\framework\system\CodeIgniter.php(933): App\Controllers\Auth->login()
#9 C:\xampp\htdocs\NIT104\vendor\codeigniter4\framework\system\CodeIgniter.php(507): CodeIgniter\CodeIgniter->runController(Object(App\Controllers\Auth))
#10 C:\xampp\htdocs\NIT104\vendor\codeigniter4\framework\system\CodeIgniter.php(354): CodeIgniter\CodeIgniter->handleRequest(NULL, Object(Config\Cache), false)
#11 C:\xampp\htdocs\NIT104\vendor\codeigniter4\framework\system\Boot.php(363): CodeIgniter\CodeIgniter->run()
#12 C:\xampp\htdocs\NIT104\vendor\codeigniter4\framework\system\Boot.php(68): CodeIgniter\Boot::runCodeIgniter(Object(CodeIgniter\CodeIgniter))
#13 C:\xampp\htdocs\NIT104\public\index.php(59): CodeIgniter\Boot::bootWeb(Object(Config\Paths))
#14 {main}
ERROR - 2025-11-26 14:47:51 --> Error connecting to the database: ErrorException: pg_connect(): Unable to connect to PostgreSQL server: could not connect to server: Connection refused (0x0000274D/10061)
	Is the server running on host &quot;localhost&quot; (::1) and accepting
	TCP/IP connections on port 5432?
could not connect to server: Connection refused (0x0000274D/10061)
	Is the server running on host &quot;localhost&quot; (127.0.0.1) and accepting
	TCP/IP connections on port 5432? in C:\xampp\htdocs\NIT104\vendor\codeigniter4\framework\system\Database\Postgre\Connection.php:78
Stack trace:
#0 [internal function]: CodeIgniter\Debug\Exceptions->errorHandler(2, 'pg_connect(): U...', 'C:\\xampp\\htdocs...', 78)
#1 C:\xampp\htdocs\NIT104\vendor\codeigniter4\framework\system\Database\Postgre\Connection.php(78): pg_connect('host=localhost ...')
#2 C:\xampp\htdocs\NIT104\vendor\codeigniter4\framework\system\Database\BaseConnection.php(419): CodeIgniter\Database\Postgre\Connection->connect(false)
#3 C:\xampp\htdocs\NIT104\vendor\codeigniter4\framework\system\Database\BaseConnection.php(614): CodeIgniter\Database\BaseConnection->initialize()
#4 C:\xampp\htdocs\NIT104\vendor\codeigniter4\framework\system\Database\BaseBuilder.php(1649): CodeIgniter\Database\BaseConnection->query('SELECT "users"....', Array, false)
#5 C:\xampp\htdocs\NIT104\vendor\codeigniter4\framework\system\Model.php(330): CodeIgniter\Database\BaseBuilder->get()
#6 C:\xampp\htdocs\NIT104\vendor\codeigniter4\framework\system\BaseModel.php(715): CodeIgniter\Model->doFirst()
#7 C:\xampp\htdocs\NIT104\app\Controllers\Auth.php(76): CodeIgniter\BaseModel->first()
#8 C:\xampp\htdocs\NIT104\vendor\codeigniter4\framework\system\CodeIgniter.php(933): App\Controllers\Auth->login()
#9 C:\xampp\htdocs\NIT104\vendor\codeigniter4\framework\system\CodeIgniter.php(507): CodeIgniter\CodeIgniter->runController(Object(App\Controllers\Auth))
#10 C:\xampp\htdocs\NIT104\vendor\codeigniter4\framework\system\CodeIgniter.php(354): CodeIgniter\CodeIgniter->handleRequest(NULL, Object(Config\Cache), false)
#11 C:\xampp\htdocs\NIT104\vendor\codeigniter4\framework\system\Boot.php(363): CodeIgniter\CodeIgniter->run()
#12 C:\xampp\htdocs\NIT104\vendor\codeigniter4\framework\system\Boot.php(68): CodeIgniter\Boot::runCodeIgniter(Object(CodeIgniter\CodeIgniter))
#13 C:\xampp\htdocs\NIT104\public\index.php(59): CodeIgniter\Boot::bootWeb(Object(Config\Paths))
#14 {main}
ERROR - 2025-11-26 14:47:54 --> Error connecting to the database: ErrorException: pg_connect(): Unable to connect to PostgreSQL server: could not connect to server: Connection refused (0x0000274D/10061)
	Is the server running on host &quot;localhost&quot; (::1) and accepting
	TCP/IP connections on port 5432?
could not connect to server: Connection refused (0x0000274D/10061)
	Is the server running on host &quot;localhost&quot; (127.0.0.1) and accepting
	TCP/IP connections on port 5432? in C:\xampp\htdocs\NIT104\vendor\codeigniter4\framework\system\Database\Postgre\Connection.php:78
Stack trace:
#0 [internal function]: CodeIgniter\Debug\Exceptions->errorHandler(2, 'pg_connect(): U...', 'C:\\xampp\\htdocs...', 78)
#1 C:\xampp\htdocs\NIT104\vendor\codeigniter4\framework\system\Database\Postgre\Connection.php(78): pg_connect('host=localhost ...')
#2 C:\xampp\htdocs\NIT104\vendor\codeigniter4\framework\system\Database\BaseConnection.php(419): CodeIgniter\Database\Postgre\Connection->connect(false)
#3 C:\xampp\htdocs\NIT104\vendor\codeigniter4\framework\system\Database\BaseConnection.php(614): CodeIgniter\Database\BaseConnection->initialize()
#4 C:\xampp\htdocs\NIT104\vendor\codeigniter4\framework\system\Database\BaseBuilder.php(1649): CodeIgniter\Database\BaseConnection->query('SELECT "users"....', Array, false)
#5 C:\xampp\htdocs\NIT104\vendor\codeigniter4\framework\system\Model.php(330): CodeIgniter\Database\BaseBuilder->get()
#6 C:\xampp\htdocs\NIT104\vendor\codeigniter4\framework\system\BaseModel.php(715): CodeIgniter\Model->doFirst()
#7 C:\xampp\htdocs\NIT104\app\Controllers\Auth.php(76): CodeIgniter\BaseModel->first()
#8 C:\xampp\htdocs\NIT104\vendor\codeigniter4\framework\system\CodeIgniter.php(933): App\Controllers\Auth->login()
#9 C:\xampp\htdocs\NIT104\vendor\codeigniter4\framework\system\CodeIgniter.php(507): CodeIgniter\CodeIgniter->runController(Object(App\Controllers\Auth))
#10 C:\xampp\htdocs\NIT104\vendor\codeigniter4\framework\system\CodeIgniter.php(354): CodeIgniter\CodeIgniter->handleRequest(NULL, Object(Config\Cache), false)
#11 C:\xampp\htdocs\NIT104\vendor\codeigniter4\framework\system\Boot.php(363): CodeIgniter\CodeIgniter->run()
#12 C:\xampp\htdocs\NIT104\vendor\codeigniter4\framework\system\Boot.php(68): CodeIgniter\Boot::runCodeIgniter(Object(CodeIgniter\CodeIgniter))
#13 C:\xampp\htdocs\NIT104\public\index.php(59): CodeIgniter\Boot::bootWeb(Object(Config\Paths))
#14 {main}
ERROR - 2025-11-26 14:48:02 --> Error connecting to the database: ErrorException: pg_connect(): Unable to connect to PostgreSQL server: could not connect to server: Connection refused (0x0000274D/10061)
	Is the server running on host &quot;localhost&quot; (::1) and accepting
	TCP/IP connections on port 5432?
could not connect to server: Connection refused (0x0000274D/10061)
	Is the server running on host &quot;localhost&quot; (127.0.0.1) and accepting
	TCP/IP connections on port 5432? in C:\xampp\htdocs\NIT104\vendor\codeigniter4\framework\system\Database\Postgre\Connection.php:78
Stack trace:
#0 [internal function]: CodeIgniter\Debug\Exceptions->errorHandler(2, 'pg_connect(): U...', 'C:\\xampp\\htdocs...', 78)
#1 C:\xampp\htdocs\NIT104\vendor\codeigniter4\framework\system\Database\Postgre\Connection.php(78): pg_connect('host=localhost ...')
#2 C:\xampp\htdocs\NIT104\vendor\codeigniter4\framework\system\Database\BaseConnection.php(419): CodeIgniter\Database\Postgre\Connection->connect(false)
#3 C:\xampp\htdocs\NIT104\vendor\codeigniter4\framework\system\Database\BaseConnection.php(614): CodeIgniter\Database\BaseConnection->initialize()
#4 C:\xampp\htdocs\NIT104\vendor\codeigniter4\framework\system\Database\BaseBuilder.php(1733): CodeIgniter\Database\BaseConnection->query('SELECT COUNT(*)...', Array, false)
#5 C:\xampp\htdocs\NIT104\vendor\codeigniter4\framework\system\Model.php(675): CodeIgniter\Database\BaseBuilder->countAllResults(true)
#6 C:\xampp\htdocs\NIT104\app\Controllers\Auth.php(42): CodeIgniter\Model->countAllResults()
#7 C:\xampp\htdocs\NIT104\vendor\codeigniter4\framework\system\CodeIgniter.php(933): App\Controllers\Auth->exists()
#8 C:\xampp\htdocs\NIT104\vendor\codeigniter4\framework\system\CodeIgniter.php(507): CodeIgniter\CodeIgniter->runController(Object(App\Controllers\Auth))
#9 C:\xampp\htdocs\NIT104\vendor\codeigniter4\framework\system\CodeIgniter.php(354): CodeIgniter\CodeIgniter->handleRequest(NULL, Object(Config\Cache), false)
#10 C:\xampp\htdocs\NIT104\vendor\codeigniter4\framework\system\Boot.php(363): CodeIgniter\CodeIgniter->run()
#11 C:\xampp\htdocs\NIT104\vendor\codeigniter4\framework\system\Boot.php(68): CodeIgniter\Boot::runCodeIgniter(Object(CodeIgniter\CodeIgniter))
#12 C:\xampp\htdocs\NIT104\public\index.php(59): CodeIgniter\Boot::bootWeb(Object(Config\Paths))
#13 {main}
ERROR - 2025-11-26 14:49:23 --> Error connecting to the database: ErrorException: pg_connect(): Unable to connect to PostgreSQL server: could not translate host name &quot;tm_db&quot; to address: Unknown host in C:\xampp\htdocs\NIT104\vendor\codeigniter4\framework\system\Database\Postgre\Connection.php:78
Stack trace:
#0 [internal function]: CodeIgniter\Debug\Exceptions->errorHandler(2, 'pg_connect(): U...', 'C:\\xampp\\htdocs...', 78)
#1 C:\xampp\htdocs\NIT104\vendor\codeigniter4\framework\system\Database\Postgre\Connection.php(78): pg_connect('host=tm_db port...')
#2 C:\xampp\htdocs\NIT104\vendor\codeigniter4\framework\system\Database\BaseConnection.php(419): CodeIgniter\Database\Postgre\Connection->connect(false)
#3 C:\xampp\htdocs\NIT104\vendor\codeigniter4\framework\system\Database\BaseConnection.php(614): CodeIgniter\Database\BaseConnection->initialize()
#4 C:\xampp\htdocs\NIT104\vendor\codeigniter4\framework\system\Database\BaseBuilder.php(1733): CodeIgniter\Database\BaseConnection->query('SELECT COUNT(*)...', Array, false)
#5 C:\xampp\htdocs\NIT104\vendor\codeigniter4\framework\system\Model.php(675): CodeIgniter\Database\BaseBuilder->countAllResults(true)
#6 C:\xampp\htdocs\NIT104\app\Controllers\Auth.php(42): CodeIgniter\Model->countAllResults()
#7 C:\xampp\htdocs\NIT104\vendor\codeigniter4\framework\system\CodeIgniter.php(933): App\Controllers\Auth->exists()
#8 C:\xampp\htdocs\NIT104\vendor\codeigniter4\framework\system\CodeIgniter.php(507): CodeIgniter\CodeIgniter->runController(Object(App\Controllers\Auth))
#9 C:\xampp\htdocs\NIT104\vendor\codeigniter4\framework\system\CodeIgniter.php(354): CodeIgniter\CodeIgniter->handleRequest(NULL, Object(Config\Cache), false)
#10 C:\xampp\htdocs\NIT104\vendor\codeigniter4\framework\system\Boot.php(363): CodeIgniter\CodeIgniter->run()
#11 C:\xampp\htdocs\NIT104\vendor\codeigniter4\framework\system\Boot.php(68): CodeIgniter\Boot::runCodeIgniter(Object(CodeIgniter\CodeIgniter))
#12 C:\xampp\htdocs\NIT104\public\index.php(59): CodeIgniter\Boot::bootWeb(Object(Config\Paths))
#13 {main}
ERROR - 2025-11-26 14:49:28 --> Error connecting to the database: ErrorException: pg_connect(): Unable to connect to PostgreSQL server: could not translate host name &quot;tm_db&quot; to address: Unknown host in C:\xampp\htdocs\NIT104\vendor\codeigniter4\framework\system\Database\Postgre\Connection.php:78
Stack trace:
#0 [internal function]: CodeIgniter\Debug\Exceptions->errorHandler(2, 'pg_connect(): U...', 'C:\\xampp\\htdocs...', 78)
#1 C:\xampp\htdocs\NIT104\vendor\codeigniter4\framework\system\Database\Postgre\Connection.php(78): pg_connect('host=tm_db port...')
#2 C:\xampp\htdocs\NIT104\vendor\codeigniter4\framework\system\Database\BaseConnection.php(419): CodeIgniter\Database\Postgre\Connection->connect(false)
#3 C:\xampp\htdocs\NIT104\vendor\codeigniter4\framework\system\Database\BaseConnection.php(614): CodeIgniter\Database\BaseConnection->initialize()
#4 C:\xampp\htdocs\NIT104\vendor\codeigniter4\framework\system\Database\BaseBuilder.php(1733): CodeIgniter\Database\BaseConnection->query('SELECT COUNT(*)...', Array, false)
#5 C:\xampp\htdocs\NIT104\vendor\codeigniter4\framework\system\Model.php(675): CodeIgniter\Database\BaseBuilder->countAllResults(true)
#6 C:\xampp\htdocs\NIT104\app\Controllers\Auth.php(42): CodeIgniter\Model->countAllResults()
#7 C:\xampp\htdocs\NIT104\vendor\codeigniter4\framework\system\CodeIgniter.php(933): App\Controllers\Auth->exists()
#8 C:\xampp\htdocs\NIT104\vendor\codeigniter4\framework\system\CodeIgniter.php(507): CodeIgniter\CodeIgniter->runController(Object(App\Controllers\Auth))
#9 C:\xampp\htdocs\NIT104\vendor\codeigniter4\framework\system\CodeIgniter.php(354): CodeIgniter\CodeIgniter->handleRequest(NULL, Object(Config\Cache), false)
#10 C:\xampp\htdocs\NIT104\vendor\codeigniter4\framework\system\Boot.php(363): CodeIgniter\CodeIgniter->run()
#11 C:\xampp\htdocs\NIT104\vendor\codeigniter4\framework\system\Boot.php(68): CodeIgniter\Boot::runCodeIgniter(Object(CodeIgniter\CodeIgniter))
#12 C:\xampp\htdocs\NIT104\public\index.php(59): CodeIgniter\Boot::bootWeb(Object(Config\Paths))
#13 {main}
ERROR - 2025-11-26 14:49:30 --> Error connecting to the database: ErrorException: pg_connect(): Unable to connect to PostgreSQL server: could not translate host name &quot;tm_db&quot; to address: Unknown host in C:\xampp\htdocs\NIT104\vendor\codeigniter4\framework\system\Database\Postgre\Connection.php:78
Stack trace:
#0 [internal function]: CodeIgniter\Debug\Exceptions->errorHandler(2, 'pg_connect(): U...', 'C:\\xampp\\htdocs...', 78)
#1 C:\xampp\htdocs\NIT104\vendor\codeigniter4\framework\system\Database\Postgre\Connection.php(78): pg_connect('host=tm_db port...')
#2 C:\xampp\htdocs\NIT104\vendor\codeigniter4\framework\system\Database\BaseConnection.php(419): CodeIgniter\Database\Postgre\Connection->connect(false)
#3 C:\xampp\htdocs\NIT104\vendor\codeigniter4\framework\system\Database\BaseConnection.php(614): CodeIgniter\Database\BaseConnection->initialize()
#4 C:\xampp\htdocs\NIT104\vendor\codeigniter4\framework\system\Database\BaseBuilder.php(1649): CodeIgniter\Database\BaseConnection->query('SELECT "users"....', Array, false)
#5 C:\xampp\htdocs\NIT104\vendor\codeigniter4\framework\system\Model.php(330): CodeIgniter\Database\BaseBuilder->get()
#6 C:\xampp\htdocs\NIT104\vendor\codeigniter4\framework\system\BaseModel.php(715): CodeIgniter\Model->doFirst()
#7 C:\xampp\htdocs\NIT104\app\Controllers\Auth.php(76): CodeIgniter\BaseModel->first()
#8 C:\xampp\htdocs\NIT104\vendor\codeigniter4\framework\system\CodeIgniter.php(933): App\Controllers\Auth->login()
#9 C:\xampp\htdocs\NIT104\vendor\codeigniter4\framework\system\CodeIgniter.php(507): CodeIgniter\CodeIgniter->runController(Object(App\Controllers\Auth))
#10 C:\xampp\htdocs\NIT104\vendor\codeigniter4\framework\system\CodeIgniter.php(354): CodeIgniter\CodeIgniter->handleRequest(NULL, Object(Config\Cache), false)
#11 C:\xampp\htdocs\NIT104\vendor\codeigniter4\framework\system\Boot.php(363): CodeIgniter\CodeIgniter->run()
#12 C:\xampp\htdocs\NIT104\vendor\codeigniter4\framework\system\Boot.php(68): CodeIgniter\Boot::runCodeIgniter(Object(CodeIgniter\CodeIgniter))
#13 C:\xampp\htdocs\NIT104\public\index.php(59): CodeIgniter\Boot::bootWeb(Object(Config\Paths))
#14 {main}
ERROR - 2025-11-26 14:49:34 --> Error connecting to the database: ErrorException: pg_connect(): Unable to connect to PostgreSQL server: could not translate host name &quot;tm_db&quot; to address: Unknown host in C:\xampp\htdocs\NIT104\vendor\codeigniter4\framework\system\Database\Postgre\Connection.php:78
Stack trace:
#0 [internal function]: CodeIgniter\Debug\Exceptions->errorHandler(2, 'pg_connect(): U...', 'C:\\xampp\\htdocs...', 78)
#1 C:\xampp\htdocs\NIT104\vendor\codeigniter4\framework\system\Database\Postgre\Connection.php(78): pg_connect('host=tm_db port...')
#2 C:\xampp\htdocs\NIT104\vendor\codeigniter4\framework\system\Database\BaseConnection.php(419): CodeIgniter\Database\Postgre\Connection->connect(false)
#3 C:\xampp\htdocs\NIT104\vendor\codeigniter4\framework\system\Database\BaseConnection.php(614): CodeIgniter\Database\BaseConnection->initialize()
#4 C:\xampp\htdocs\NIT104\vendor\codeigniter4\framework\system\Database\BaseBuilder.php(1733): CodeIgniter\Database\BaseConnection->query('SELECT COUNT(*)...', Array, false)
#5 C:\xampp\htdocs\NIT104\vendor\codeigniter4\framework\system\Model.php(675): CodeIgniter\Database\BaseBuilder->countAllResults(true)
#6 C:\xampp\htdocs\NIT104\app\Controllers\Auth.php(42): CodeIgniter\Model->countAllResults()
#7 C:\xampp\htdocs\NIT104\vendor\codeigniter4\framework\system\CodeIgniter.php(933): App\Controllers\Auth->exists()
#8 C:\xampp\htdocs\NIT104\vendor\codeigniter4\framework\system\CodeIgniter.php(507): CodeIgniter\CodeIgniter->runController(Object(App\Controllers\Auth))
#9 C:\xampp\htdocs\NIT104\vendor\codeigniter4\framework\system\CodeIgniter.php(354): CodeIgniter\CodeIgniter->handleRequest(NULL, Object(Config\Cache), false)
#10 C:\xampp\htdocs\NIT104\vendor\codeigniter4\framework\system\Boot.php(363): CodeIgniter\CodeIgniter->run()
#11 C:\xampp\htdocs\NIT104\vendor\codeigniter4\framework\system\Boot.php(68): CodeIgniter\Boot::runCodeIgniter(Object(CodeIgniter\CodeIgniter))
#12 C:\xampp\htdocs\NIT104\public\index.php(59): CodeIgniter\Boot::bootWeb(Object(Config\Paths))
#13 {main}
ERROR - 2025-11-26 14:49:39 --> Error connecting to the database: ErrorException: pg_connect(): Unable to connect to PostgreSQL server: could not translate host name &quot;tm_db&quot; to address: Unknown host in C:\xampp\htdocs\NIT104\vendor\codeigniter4\framework\system\Database\Postgre\Connection.php:78
Stack trace:
#0 [internal function]: CodeIgniter\Debug\Exceptions->errorHandler(2, 'pg_connect(): U...', 'C:\\xampp\\htdocs...', 78)
#1 C:\xampp\htdocs\NIT104\vendor\codeigniter4\framework\system\Database\Postgre\Connection.php(78): pg_connect('host=tm_db port...')
#2 C:\xampp\htdocs\NIT104\vendor\codeigniter4\framework\system\Database\BaseConnection.php(419): CodeIgniter\Database\Postgre\Connection->connect(false)
#3 C:\xampp\htdocs\NIT104\vendor\codeigniter4\framework\system\Database\BaseConnection.php(614): CodeIgniter\Database\BaseConnection->initialize()
#4 C:\xampp\htdocs\NIT104\vendor\codeigniter4\framework\system\Database\BaseBuilder.php(1733): CodeIgniter\Database\BaseConnection->query('SELECT COUNT(*)...', Array, false)
#5 C:\xampp\htdocs\NIT104\vendor\codeigniter4\framework\system\Model.php(675): CodeIgniter\Database\BaseBuilder->countAllResults(true)
#6 C:\xampp\htdocs\NIT104\app\Controllers\Auth.php(42): CodeIgniter\Model->countAllResults()
#7 C:\xampp\htdocs\NIT104\vendor\codeigniter4\framework\system\CodeIgniter.php(933): App\Controllers\Auth->exists()
#8 C:\xampp\htdocs\NIT104\vendor\codeigniter4\framework\system\CodeIgniter.php(507): CodeIgniter\CodeIgniter->runController(Object(App\Controllers\Auth))
#9 C:\xampp\htdocs\NIT104\vendor\codeigniter4\framework\system\CodeIgniter.php(354): CodeIgniter\CodeIgniter->handleRequest(NULL, Object(Config\Cache), false)
#10 C:\xampp\htdocs\NIT104\vendor\codeigniter4\framework\system\Boot.php(363): CodeIgniter\CodeIgniter->run()
#11 C:\xampp\htdocs\NIT104\vendor\codeigniter4\framework\system\Boot.php(68): CodeIgniter\Boot::runCodeIgniter(Object(CodeIgniter\CodeIgniter))
#12 C:\xampp\htdocs\NIT104\public\index.php(59): CodeIgniter\Boot::bootWeb(Object(Config\Paths))
#13 {main}
ERROR - 2025-11-26 14:49:44 --> Error connecting to the database: ErrorException: pg_connect(): Unable to connect to PostgreSQL server: could not translate host name &quot;tm_db&quot; to address: Unknown host in C:\xampp\htdocs\NIT104\vendor\codeigniter4\framework\system\Database\Postgre\Connection.php:78
Stack trace:
#0 [internal function]: CodeIgniter\Debug\Exceptions->errorHandler(2, 'pg_connect(): U...', 'C:\\xampp\\htdocs...', 78)
#1 C:\xampp\htdocs\NIT104\vendor\codeigniter4\framework\system\Database\Postgre\Connection.php(78): pg_connect('host=tm_db port...')
#2 C:\xampp\htdocs\NIT104\vendor\codeigniter4\framework\system\Database\BaseConnection.php(419): CodeIgniter\Database\Postgre\Connection->connect(false)
#3 C:\xampp\htdocs\NIT104\vendor\codeigniter4\framework\system\Database\BaseConnection.php(614): CodeIgniter\Database\BaseConnection->initialize()
#4 C:\xampp\htdocs\NIT104\vendor\codeigniter4\framework\system\Database\BaseBuilder.php(1733): CodeIgniter\Database\BaseConnection->query('SELECT COUNT(*)...', Array, false)
#5 C:\xampp\htdocs\NIT104\vendor\codeigniter4\framework\system\Model.php(675): CodeIgniter\Database\BaseBuilder->countAllResults(true)
#6 C:\xampp\htdocs\NIT104\app\Controllers\Auth.php(42): CodeIgniter\Model->countAllResults()
#7 C:\xampp\htdocs\NIT104\vendor\codeigniter4\framework\system\CodeIgniter.php(933): App\Controllers\Auth->exists()
#8 C:\xampp\htdocs\NIT104\vendor\codeigniter4\framework\system\CodeIgniter.php(507): CodeIgniter\CodeIgniter->runController(Object(App\Controllers\Auth))
#9 C:\xampp\htdocs\NIT104\vendor\codeigniter4\framework\system\CodeIgniter.php(354): CodeIgniter\CodeIgniter->handleRequest(NULL, Object(Config\Cache), false)
#10 C:\xampp\htdocs\NIT104\vendor\codeigniter4\framework\system\Boot.php(363): CodeIgniter\CodeIgniter->run()
#11 C:\xampp\htdocs\NIT104\vendor\codeigniter4\framework\system\Boot.php(68): CodeIgniter\Boot::runCodeIgniter(Object(CodeIgniter\CodeIgniter))
#12 C:\xampp\htdocs\NIT104\public\index.php(59): CodeIgniter\Boot::bootWeb(Object(Config\Paths))
#13 {main}
ERROR - 2025-11-26 14:49:50 --> Error connecting to the database: ErrorException: pg_connect(): Unable to connect to PostgreSQL server: could not translate host name &quot;tm_db&quot; to address: Unknown host in C:\xampp\htdocs\NIT104\vendor\codeigniter4\framework\system\Database\Postgre\Connection.php:78
Stack trace:
#0 [internal function]: CodeIgniter\Debug\Exceptions->errorHandler(2, 'pg_connect(): U...', 'C:\\xampp\\htdocs...', 78)
#1 C:\xampp\htdocs\NIT104\vendor\codeigniter4\framework\system\Database\Postgre\Connection.php(78): pg_connect('host=tm_db port...')
#2 C:\xampp\htdocs\NIT104\vendor\codeigniter4\framework\system\Database\BaseConnection.php(419): CodeIgniter\Database\Postgre\Connection->connect(false)
#3 C:\xampp\htdocs\NIT104\vendor\codeigniter4\framework\system\Database\BaseConnection.php(614): CodeIgniter\Database\BaseConnection->initialize()
#4 C:\xampp\htdocs\NIT104\vendor\codeigniter4\framework\system\Database\BaseBuilder.php(1733): CodeIgniter\Database\BaseConnection->query('SELECT COUNT(*)...', Array, false)
#5 C:\xampp\htdocs\NIT104\vendor\codeigniter4\framework\system\Model.php(675): CodeIgniter\Database\BaseBuilder->countAllResults(true)
#6 C:\xampp\htdocs\NIT104\app\Controllers\Auth.php(42): CodeIgniter\Model->countAllResults()
#7 C:\xampp\htdocs\NIT104\vendor\codeigniter4\framework\system\CodeIgniter.php(933): App\Controllers\Auth->exists()
#8 C:\xampp\htdocs\NIT104\vendor\codeigniter4\framework\system\CodeIgniter.php(507): CodeIgniter\CodeIgniter->runController(Object(App\Controllers\Auth))
#9 C:\xampp\htdocs\NIT104\vendor\codeigniter4\framework\system\CodeIgniter.php(354): CodeIgniter\CodeIgniter->handleRequest(NULL, Object(Config\Cache), false)
#10 C:\xampp\htdocs\NIT104\vendor\codeigniter4\framework\system\Boot.php(363): CodeIgniter\CodeIgniter->run()
#11 C:\xampp\htdocs\NIT104\vendor\codeigniter4\framework\system\Boot.php(68): CodeIgniter\Boot::runCodeIgniter(Object(CodeIgniter\CodeIgniter))
#12 C:\xampp\htdocs\NIT104\public\index.php(59): CodeIgniter\Boot::bootWeb(Object(Config\Paths))
#13 {main}
ERROR - 2025-11-26 14:49:55 --> Error connecting to the database: ErrorException: pg_connect(): Unable to connect to PostgreSQL server: could not translate host name &quot;tm_db&quot; to address: Unknown host in C:\xampp\htdocs\NIT104\vendor\codeigniter4\framework\system\Database\Postgre\Connection.php:78
Stack trace:
#0 [internal function]: CodeIgniter\Debug\Exceptions->errorHandler(2, 'pg_connect(): U...', 'C:\\xampp\\htdocs...', 78)
#1 C:\xampp\htdocs\NIT104\vendor\codeigniter4\framework\system\Database\Postgre\Connection.php(78): pg_connect('host=tm_db port...')
#2 C:\xampp\htdocs\NIT104\vendor\codeigniter4\framework\system\Database\BaseConnection.php(419): CodeIgniter\Database\Postgre\Connection->connect(false)
#3 C:\xampp\htdocs\NIT104\vendor\codeigniter4\framework\system\Database\BaseConnection.php(614): CodeIgniter\Database\BaseConnection->initialize()
#4 C:\xampp\htdocs\NIT104\vendor\codeigniter4\framework\system\Database\BaseBuilder.php(1733): CodeIgniter\Database\BaseConnection->query('SELECT COUNT(*)...', Array, false)
#5 C:\xampp\htdocs\NIT104\vendor\codeigniter4\framework\system\Model.php(675): CodeIgniter\Database\BaseBuilder->countAllResults(true)
#6 C:\xampp\htdocs\NIT104\app\Controllers\Auth.php(42): CodeIgniter\Model->countAllResults()
#7 C:\xampp\htdocs\NIT104\vendor\codeigniter4\framework\system\CodeIgniter.php(933): App\Controllers\Auth->exists()
#8 C:\xampp\htdocs\NIT104\vendor\codeigniter4\framework\system\CodeIgniter.php(507): CodeIgniter\CodeIgniter->runController(Object(App\Controllers\Auth))
#9 C:\xampp\htdocs\NIT104\vendor\codeigniter4\framework\system\CodeIgniter.php(354): CodeIgniter\CodeIgniter->handleRequest(NULL, Object(Config\Cache), false)
#10 C:\xampp\htdocs\NIT104\vendor\codeigniter4\framework\system\Boot.php(363): CodeIgniter\CodeIgniter->run()
#11 C:\xampp\htdocs\NIT104\vendor\codeigniter4\framework\system\Boot.php(68): CodeIgniter\Boot::runCodeIgniter(Object(CodeIgniter\CodeIgniter))
#12 C:\xampp\htdocs\NIT104\public\index.php(59): CodeIgniter\Boot::bootWeb(Object(Config\Paths))
#13 {main}
ERROR - 2025-11-26 14:50:26 --> Error connecting to the database: ErrorException: pg_connect(): Unable to connect to PostgreSQL server: could not translate host name &quot;tm_db&quot; to address: Unknown host in C:\xampp\htdocs\NIT104\vendor\codeigniter4\framework\system\Database\Postgre\Connection.php:78
Stack trace:
#0 [internal function]: CodeIgniter\Debug\Exceptions->errorHandler(2, 'pg_connect(): U...', 'C:\\xampp\\htdocs...', 78)
#1 C:\xampp\htdocs\NIT104\vendor\codeigniter4\framework\system\Database\Postgre\Connection.php(78): pg_connect('host=tm_db port...')
#2 C:\xampp\htdocs\NIT104\vendor\codeigniter4\framework\system\Database\BaseConnection.php(419): CodeIgniter\Database\Postgre\Connection->connect(false)
#3 C:\xampp\htdocs\NIT104\vendor\codeigniter4\framework\system\Database\BaseConnection.php(614): CodeIgniter\Database\BaseConnection->initialize()
#4 C:\xampp\htdocs\NIT104\vendor\codeigniter4\framework\system\Database\BaseBuilder.php(1733): CodeIgniter\Database\BaseConnection->query('SELECT COUNT(*)...', Array, false)
#5 C:\xampp\htdocs\NIT104\vendor\codeigniter4\framework\system\Model.php(675): CodeIgniter\Database\BaseBuilder->countAllResults(true)
#6 C:\xampp\htdocs\NIT104\app\Controllers\Auth.php(42): CodeIgniter\Model->countAllResults()
#7 C:\xampp\htdocs\NIT104\vendor\codeigniter4\framework\system\CodeIgniter.php(933): App\Controllers\Auth->exists()
#8 C:\xampp\htdocs\NIT104\vendor\codeigniter4\framework\system\CodeIgniter.php(507): CodeIgniter\CodeIgniter->runController(Object(App\Controllers\Auth))
#9 C:\xampp\htdocs\NIT104\vendor\codeigniter4\framework\system\CodeIgniter.php(354): CodeIgniter\CodeIgniter->handleRequest(NULL, Object(Config\Cache), false)
#10 C:\xampp\htdocs\NIT104\vendor\codeigniter4\framework\system\Boot.php(363): CodeIgniter\CodeIgniter->run()
#11 C:\xampp\htdocs\NIT104\vendor\codeigniter4\framework\system\Boot.php(68): CodeIgniter\Boot::runCodeIgniter(Object(CodeIgniter\CodeIgniter))
#12 C:\xampp\htdocs\NIT104\public\index.php(59): CodeIgniter\Boot::bootWeb(Object(Config\Paths))
#13 {main}
ERROR - 2025-11-26 14:51:31 --> Error connecting to the database: ErrorException: pg_connect(): Unable to connect to PostgreSQL server: FATAL:  password authentication failed for user &quot;postgres&quot;
FATAL:  no pg_hba.conf entry for host &quot;201.247.170.147&quot;, user &quot;postgres&quot;, database &quot;tm_db&quot;, no encryption in C:\xampp\htdocs\NIT104\vendor\codeigniter4\framework\system\Database\Postgre\Connection.php:78
Stack trace:
#0 [internal function]: CodeIgniter\Debug\Exceptions->errorHandler(2, 'pg_connect(): U...', 'C:\\xampp\\htdocs...', 78)
#1 C:\xampp\htdocs\NIT104\vendor\codeigniter4\framework\system\Database\Postgre\Connection.php(78): pg_connect('host=tm-server-...')
#2 C:\xampp\htdocs\NIT104\vendor\codeigniter4\framework\system\Database\BaseConnection.php(419): CodeIgniter\Database\Postgre\Connection->connect(false)
#3 C:\xampp\htdocs\NIT104\vendor\codeigniter4\framework\system\Database\BaseConnection.php(614): CodeIgniter\Database\BaseConnection->initialize()
#4 C:\xampp\htdocs\NIT104\vendor\codeigniter4\framework\system\Database\BaseBuilder.php(1733): CodeIgniter\Database\BaseConnection->query('SELECT COUNT(*)...', Array, false)
#5 C:\xampp\htdocs\NIT104\vendor\codeigniter4\framework\system\Model.php(675): CodeIgniter\Database\BaseBuilder->countAllResults(true)
#6 C:\xampp\htdocs\NIT104\app\Controllers\Auth.php(42): CodeIgniter\Model->countAllResults()
#7 C:\xampp\htdocs\NIT104\vendor\codeigniter4\framework\system\CodeIgniter.php(933): App\Controllers\Auth->exists()
#8 C:\xampp\htdocs\NIT104\vendor\codeigniter4\framework\system\CodeIgniter.php(507): CodeIgniter\CodeIgniter->runController(Object(App\Controllers\Auth))
#9 C:\xampp\htdocs\NIT104\vendor\codeigniter4\framework\system\CodeIgniter.php(354): CodeIgniter\CodeIgniter->handleRequest(NULL, Object(Config\Cache), false)
#10 C:\xampp\htdocs\NIT104\vendor\codeigniter4\framework\system\Boot.php(363): CodeIgniter\CodeIgniter->run()
#11 C:\xampp\htdocs\NIT104\vendor\codeigniter4\framework\system\Boot.php(68): CodeIgniter\Boot::runCodeIgniter(Object(CodeIgniter\CodeIgniter))
#12 C:\xampp\htdocs\NIT104\public\index.php(59): CodeIgniter\Boot::bootWeb(Object(Config\Paths))
#13 {main}
ERROR - 2025-11-26 14:51:31 --> Error connecting to the database: ErrorException: pg_connect(): Unable to connect to PostgreSQL server: FATAL:  password authentication failed for user &quot;postgres&quot;
FATAL:  no pg_hba.conf entry for host &quot;201.247.170.147&quot;, user &quot;postgres&quot;, database &quot;tm_db&quot;, no encryption in C:\xampp\htdocs\NIT104\vendor\codeigniter4\framework\system\Database\Postgre\Connection.php:78
Stack trace:
#0 [internal function]: CodeIgniter\Debug\Exceptions->errorHandler(2, 'pg_connect(): U...', 'C:\\xampp\\htdocs...', 78)
#1 C:\xampp\htdocs\NIT104\vendor\codeigniter4\framework\system\Database\Postgre\Connection.php(78): pg_connect('host=tm-server-...')
#2 C:\xampp\htdocs\NIT104\vendor\codeigniter4\framework\system\Database\BaseConnection.php(419): CodeIgniter\Database\Postgre\Connection->connect(false)
#3 C:\xampp\htdocs\NIT104\vendor\codeigniter4\framework\system\Database\BaseConnection.php(614): CodeIgniter\Database\BaseConnection->initialize()
#4 C:\xampp\htdocs\NIT104\vendor\codeigniter4\framework\system\Database\BaseBuilder.php(1733): CodeIgniter\Database\BaseConnection->query('SELECT COUNT(*)...', Array, false)
#5 C:\xampp\htdocs\NIT104\vendor\codeigniter4\framework\system\Model.php(675): CodeIgniter\Database\BaseBuilder->countAllResults(true)
#6 C:\xampp\htdocs\NIT104\app\Controllers\Auth.php(42): CodeIgniter\Model->countAllResults()
#7 C:\xampp\htdocs\NIT104\vendor\codeigniter4\framework\system\CodeIgniter.php(933): App\Controllers\Auth->exists()
#8 C:\xampp\htdocs\NIT104\vendor\codeigniter4\framework\system\CodeIgniter.php(507): CodeIgniter\CodeIgniter->runController(Object(App\Controllers\Auth))
#9 C:\xampp\htdocs\NIT104\vendor\codeigniter4\framework\system\CodeIgniter.php(354): CodeIgniter\CodeIgniter->handleRequest(NULL, Object(Config\Cache), false)
#10 C:\xampp\htdocs\NIT104\vendor\codeigniter4\framework\system\Boot.php(363): CodeIgniter\CodeIgniter->run()
#11 C:\xampp\htdocs\NIT104\vendor\codeigniter4\framework\system\Boot.php(68): CodeIgniter\Boot::runCodeIgniter(Object(CodeIgniter\CodeIgniter))
#12 C:\xampp\htdocs\NIT104\public\index.php(59): CodeIgniter\Boot::bootWeb(Object(Config\Paths))
#13 {main}
ERROR - 2025-11-26 14:51:35 --> Error connecting to the database: ErrorException: pg_connect(): Unable to connect to PostgreSQL server: FATAL:  password authentication failed for user &quot;postgres&quot;
FATAL:  no pg_hba.conf entry for host &quot;201.247.170.147&quot;, user &quot;postgres&quot;, database &quot;tm_db&quot;, no encryption in C:\xampp\htdocs\NIT104\vendor\codeigniter4\framework\system\Database\Postgre\Connection.php:78
Stack trace:
#0 [internal function]: CodeIgniter\Debug\Exceptions->errorHandler(2, 'pg_connect(): U...', 'C:\\xampp\\htdocs...', 78)
#1 C:\xampp\htdocs\NIT104\vendor\codeigniter4\framework\system\Database\Postgre\Connection.php(78): pg_connect('host=tm-server-...')
#2 C:\xampp\htdocs\NIT104\vendor\codeigniter4\framework\system\Database\BaseConnection.php(419): CodeIgniter\Database\Postgre\Connection->connect(false)
#3 C:\xampp\htdocs\NIT104\vendor\codeigniter4\framework\system\Database\BaseConnection.php(614): CodeIgniter\Database\BaseConnection->initialize()
#4 C:\xampp\htdocs\NIT104\vendor\codeigniter4\framework\system\Database\BaseBuilder.php(1733): CodeIgniter\Database\BaseConnection->query('SELECT COUNT(*)...', Array, false)
#5 C:\xampp\htdocs\NIT104\vendor\codeigniter4\framework\system\Model.php(675): CodeIgniter\Database\BaseBuilder->countAllResults(true)
#6 C:\xampp\htdocs\NIT104\app\Controllers\Auth.php(42): CodeIgniter\Model->countAllResults()
#7 C:\xampp\htdocs\NIT104\vendor\codeigniter4\framework\system\CodeIgniter.php(933): App\Controllers\Auth->exists()
#8 C:\xampp\htdocs\NIT104\vendor\codeigniter4\framework\system\CodeIgniter.php(507): CodeIgniter\CodeIgniter->runController(Object(App\Controllers\Auth))
#9 C:\xampp\htdocs\NIT104\vendor\codeigniter4\framework\system\CodeIgniter.php(354): CodeIgniter\CodeIgniter->handleRequest(NULL, Object(Config\Cache), false)
#10 C:\xampp\htdocs\NIT104\vendor\codeigniter4\framework\system\Boot.php(363): CodeIgniter\CodeIgniter->run()
#11 C:\xampp\htdocs\NIT104\vendor\codeigniter4\framework\system\Boot.php(68): CodeIgniter\Boot::runCodeIgniter(Object(CodeIgniter\CodeIgniter))
#12 C:\xampp\htdocs\NIT104\public\index.php(59): CodeIgniter\Boot::bootWeb(Object(Config\Paths))
#13 {main}
ERROR - 2025-11-26 14:51:40 --> Error connecting to the database: ErrorException: pg_connect(): Unable to connect to PostgreSQL server: FATAL:  password authentication failed for user &quot;postgres&quot;
FATAL:  no pg_hba.conf entry for host &quot;201.247.170.147&quot;, user &quot;postgres&quot;, database &quot;tm_db&quot;, no encryption in C:\xampp\htdocs\NIT104\vendor\codeigniter4\framework\system\Database\Postgre\Connection.php:78
Stack trace:
#0 [internal function]: CodeIgniter\Debug\Exceptions->errorHandler(2, 'pg_connect(): U...', 'C:\\xampp\\htdocs...', 78)
#1 C:\xampp\htdocs\NIT104\vendor\codeigniter4\framework\system\Database\Postgre\Connection.php(78): pg_connect('host=tm-server-...')
#2 C:\xampp\htdocs\NIT104\vendor\codeigniter4\framework\system\Database\BaseConnection.php(419): CodeIgniter\Database\Postgre\Connection->connect(false)
#3 C:\xampp\htdocs\NIT104\vendor\codeigniter4\framework\system\Database\BaseConnection.php(614): CodeIgniter\Database\BaseConnection->initialize()
#4 C:\xampp\htdocs\NIT104\vendor\codeigniter4\framework\system\Database\BaseBuilder.php(1733): CodeIgniter\Database\BaseConnection->query('SELECT COUNT(*)...', Array, false)
#5 C:\xampp\htdocs\NIT104\vendor\codeigniter4\framework\system\Model.php(675): CodeIgniter\Database\BaseBuilder->countAllResults(true)
#6 C:\xampp\htdocs\NIT104\app\Controllers\Auth.php(42): CodeIgniter\Model->countAllResults()
#7 C:\xampp\htdocs\NIT104\vendor\codeigniter4\framework\system\CodeIgniter.php(933): App\Controllers\Auth->exists()
#8 C:\xampp\htdocs\NIT104\vendor\codeigniter4\framework\system\CodeIgniter.php(507): CodeIgniter\CodeIgniter->runController(Object(App\Controllers\Auth))
#9 C:\xampp\htdocs\NIT104\vendor\codeigniter4\framework\system\CodeIgniter.php(354): CodeIgniter\CodeIgniter->handleRequest(NULL, Object(Config\Cache), false)
#10 C:\xampp\htdocs\NIT104\vendor\codeigniter4\framework\system\Boot.php(363): CodeIgniter\CodeIgniter->run()
#11 C:\xampp\htdocs\NIT104\vendor\codeigniter4\framework\system\Boot.php(68): CodeIgniter\Boot::runCodeIgniter(Object(CodeIgniter\CodeIgniter))
#12 C:\xampp\htdocs\NIT104\public\index.php(59): CodeIgniter\Boot::bootWeb(Object(Config\Paths))
#13 {main}
ERROR - 2025-11-26 14:51:45 --> Error connecting to the database: ErrorException: pg_connect(): Unable to connect to PostgreSQL server: FATAL:  password authentication failed for user &quot;postgres&quot;
FATAL:  no pg_hba.conf entry for host &quot;201.247.170.147&quot;, user &quot;postgres&quot;, database &quot;tm_db&quot;, no encryption in C:\xampp\htdocs\NIT104\vendor\codeigniter4\framework\system\Database\Postgre\Connection.php:78
Stack trace:
#0 [internal function]: CodeIgniter\Debug\Exceptions->errorHandler(2, 'pg_connect(): U...', 'C:\\xampp\\htdocs...', 78)
#1 C:\xampp\htdocs\NIT104\vendor\codeigniter4\framework\system\Database\Postgre\Connection.php(78): pg_connect('host=tm-server-...')
#2 C:\xampp\htdocs\NIT104\vendor\codeigniter4\framework\system\Database\BaseConnection.php(419): CodeIgniter\Database\Postgre\Connection->connect(false)
#3 C:\xampp\htdocs\NIT104\vendor\codeigniter4\framework\system\Database\BaseConnection.php(614): CodeIgniter\Database\BaseConnection->initialize()
#4 C:\xampp\htdocs\NIT104\vendor\codeigniter4\framework\system\Database\BaseBuilder.php(1733): CodeIgniter\Database\BaseConnection->query('SELECT COUNT(*)...', Array, false)
#5 C:\xampp\htdocs\NIT104\vendor\codeigniter4\framework\system\Model.php(675): CodeIgniter\Database\BaseBuilder->countAllResults(true)
#6 C:\xampp\htdocs\NIT104\app\Controllers\Auth.php(42): CodeIgniter\Model->countAllResults()
#7 C:\xampp\htdocs\NIT104\vendor\codeigniter4\framework\system\CodeIgniter.php(933): App\Controllers\Auth->exists()
#8 C:\xampp\htdocs\NIT104\vendor\codeigniter4\framework\system\CodeIgniter.php(507): CodeIgniter\CodeIgniter->runController(Object(App\Controllers\Auth))
#9 C:\xampp\htdocs\NIT104\vendor\codeigniter4\framework\system\CodeIgniter.php(354): CodeIgniter\CodeIgniter->handleRequest(NULL, Object(Config\Cache), false)
#10 C:\xampp\htdocs\NIT104\vendor\codeigniter4\framework\system\Boot.php(363): CodeIgniter\CodeIgniter->run()
#11 C:\xampp\htdocs\NIT104\vendor\codeigniter4\framework\system\Boot.php(68): CodeIgniter\Boot::runCodeIgniter(Object(CodeIgniter\CodeIgniter))
#12 C:\xampp\htdocs\NIT104\public\index.php(59): CodeIgniter\Boot::bootWeb(Object(Config\Paths))
#13 {main}
ERROR - 2025-11-26 14:51:47 --> Error connecting to the database: ErrorException: pg_connect(): Unable to connect to PostgreSQL server: FATAL:  password authentication failed for user &quot;postgres&quot;
FATAL:  no pg_hba.conf entry for host &quot;201.247.170.147&quot;, user &quot;postgres&quot;, database &quot;tm_db&quot;, no encryption in C:\xampp\htdocs\NIT104\vendor\codeigniter4\framework\system\Database\Postgre\Connection.php:78
Stack trace:
#0 [internal function]: CodeIgniter\Debug\Exceptions->errorHandler(2, 'pg_connect(): U...', 'C:\\xampp\\htdocs...', 78)
#1 C:\xampp\htdocs\NIT104\vendor\codeigniter4\framework\system\Database\Postgre\Connection.php(78): pg_connect('host=tm-server-...')
#2 C:\xampp\htdocs\NIT104\vendor\codeigniter4\framework\system\Database\BaseConnection.php(419): CodeIgniter\Database\Postgre\Connection->connect(false)
#3 C:\xampp\htdocs\NIT104\vendor\codeigniter4\framework\system\Database\BaseConnection.php(614): CodeIgniter\Database\BaseConnection->initialize()
#4 C:\xampp\htdocs\NIT104\vendor\codeigniter4\framework\system\Database\BaseBuilder.php(1649): CodeIgniter\Database\BaseConnection->query('SELECT "users"....', Array, false)
#5 C:\xampp\htdocs\NIT104\vendor\codeigniter4\framework\system\Model.php(330): CodeIgniter\Database\BaseBuilder->get()
#6 C:\xampp\htdocs\NIT104\vendor\codeigniter4\framework\system\BaseModel.php(715): CodeIgniter\Model->doFirst()
#7 C:\xampp\htdocs\NIT104\app\Controllers\Auth.php(76): CodeIgniter\BaseModel->first()
#8 C:\xampp\htdocs\NIT104\vendor\codeigniter4\framework\system\CodeIgniter.php(933): App\Controllers\Auth->login()
#9 C:\xampp\htdocs\NIT104\vendor\codeigniter4\framework\system\CodeIgniter.php(507): CodeIgniter\CodeIgniter->runController(Object(App\Controllers\Auth))
#10 C:\xampp\htdocs\NIT104\vendor\codeigniter4\framework\system\CodeIgniter.php(354): CodeIgniter\CodeIgniter->handleRequest(NULL, Object(Config\Cache), false)
#11 C:\xampp\htdocs\NIT104\vendor\codeigniter4\framework\system\Boot.php(363): CodeIgniter\CodeIgniter->run()
#12 C:\xampp\htdocs\NIT104\vendor\codeigniter4\framework\system\Boot.php(68): CodeIgniter\Boot::runCodeIgniter(Object(CodeIgniter\CodeIgniter))
#13 C:\xampp\htdocs\NIT104\public\index.php(59): CodeIgniter\Boot::bootWeb(Object(Config\Paths))
#14 {main}
ERROR - 2025-11-26 14:51:51 --> Error connecting to the database: ErrorException: pg_connect(): Unable to connect to PostgreSQL server: FATAL:  password authentication failed for user &quot;postgres&quot;
FATAL:  no pg_hba.conf entry for host &quot;201.247.170.147&quot;, user &quot;postgres&quot;, database &quot;tm_db&quot;, no encryption in C:\xampp\htdocs\NIT104\vendor\codeigniter4\framework\system\Database\Postgre\Connection.php:78
Stack trace:
#0 [internal function]: CodeIgniter\Debug\Exceptions->errorHandler(2, 'pg_connect(): U...', 'C:\\xampp\\htdocs...', 78)
#1 C:\xampp\htdocs\NIT104\vendor\codeigniter4\framework\system\Database\Postgre\Connection.php(78): pg_connect('host=tm-server-...')
#2 C:\xampp\htdocs\NIT104\vendor\codeigniter4\framework\system\Database\BaseConnection.php(419): CodeIgniter\Database\Postgre\Connection->connect(false)
#3 C:\xampp\htdocs\NIT104\vendor\codeigniter4\framework\system\Database\BaseConnection.php(614): CodeIgniter\Database\BaseConnection->initialize()
#4 C:\xampp\htdocs\NIT104\vendor\codeigniter4\framework\system\Database\BaseBuilder.php(1733): CodeIgniter\Database\BaseConnection->query('SELECT COUNT(*)...', Array, false)
#5 C:\xampp\htdocs\NIT104\vendor\codeigniter4\framework\system\Model.php(675): CodeIgniter\Database\BaseBuilder->countAllResults(true)
#6 C:\xampp\htdocs\NIT104\app\Controllers\Auth.php(42): CodeIgniter\Model->countAllResults()
#7 C:\xampp\htdocs\NIT104\vendor\codeigniter4\framework\system\CodeIgniter.php(933): App\Controllers\Auth->exists()
#8 C:\xampp\htdocs\NIT104\vendor\codeigniter4\framework\system\CodeIgniter.php(507): CodeIgniter\CodeIgniter->runController(Object(App\Controllers\Auth))
#9 C:\xampp\htdocs\NIT104\vendor\codeigniter4\framework\system\CodeIgniter.php(354): CodeIgniter\CodeIgniter->handleRequest(NULL, Object(Config\Cache), false)
#10 C:\xampp\htdocs\NIT104\vendor\codeigniter4\framework\system\Boot.php(363): CodeIgniter\CodeIgniter->run()
#11 C:\xampp\htdocs\NIT104\vendor\codeigniter4\framework\system\Boot.php(68): CodeIgniter\Boot::runCodeIgniter(Object(CodeIgniter\CodeIgniter))
#12 C:\xampp\htdocs\NIT104\public\index.php(59): CodeIgniter\Boot::bootWeb(Object(Config\Paths))
#13 {main}
